{"message":"Cast to ObjectId failed for value \":5ea9621cc354883f6b685ec9\" at path \"_id\" for model \"Product\"","level":"error"}
{"message":"Cast to ObjectId failed for value \":5ea9621cc354883f6b685ec9\" at path \"_id\" for model \"Product\"","level":"error"}
{"message":"Listenning at port 5050","level":"info"}
{"message":"Connected to MongoDB...","level":"info"}
{"message":"Cast to ObjectId failed for value \":5ea9621cc354883f6b685ec9\" at path \"_id\" for model \"Product\"","level":"error"}
{"message":"Listenning at port 5050","level":"info"}
{"message":"Connected to MongoDB...","level":"info"}
{"message":"Cast to ObjectId failed for value \":5ea9621cc354883f6b685ec9\" at path \"_id\" for model \"Product\"","level":"error"}
{"message":"Cast to ObjectId failed for value \":5ea9621cc354883f6b685ec9\" at path \"_id\" for model \"Product\"","level":"error"}
{"message":"Cast to ObjectId failed for value \":5ea9621cc354883f6b685ec9\" at path \"_id\" for model \"Product\"","level":"error"}
{"message":"Listenning at port 5050","level":"info"}
{"message":"Connected to MongoDB...","level":"info"}
{"message":"Cast to ObjectId failed for value \":5ea9621cc354883f6b685ec9\" at path \"_id\" for model \"Product\"","level":"error"}
{"message":"Listenning at port 5050","level":"info"}
{"message":"Connected to MongoDB...","level":"info"}
{"message":"Cast to ObjectId failed for value \":5ea9621cc354883f6b685ec9\" at path \"_id\" for model \"Product\"","level":"error"}
{"message":"Cast to ObjectId failed for value \":5ea9621cc354883f6b685ec9\" at path \"_id\" for model \"Product\"","level":"error"}
{"message":"Cast to ObjectId failed for value \":5ea9621cc354883f6b685ec9\" at path \"_id\" for model \"Product\"","level":"error"}
{"message":"Listenning at port 5050","level":"info"}
{"message":"Connected to MongoDB...","level":"info"}
{"message":"Connected to MongoDB...","level":"info"}
{"message":"Listenning at port 5050","level":"info"}
{"message":"Connected to MongoDB...","level":"info"}
{"message":"Listenning at port 5050","level":"info"}
{"message":"Connected to MongoDB...","level":"info"}
{"message":"Listenning at port 5050","level":"info"}
{"message":"Connected to MongoDB...","level":"info"}
{"message":"Listenning at port 5050","level":"info"}
{"message":"Connected to MongoDB...","level":"info"}
{"message":"Listenning at port 5050","level":"info"}
{"message":"Connected to MongoDB...","level":"info"}
{"message":"Listenning at port 5050","level":"info"}
{"message":"Connected to MongoDB...","level":"info"}
{"message":"Listenning at port 5050","level":"info"}
{"message":"Connected to MongoDB...","level":"info"}
{"message":"Listenning at port 5050","level":"info"}
{"message":"Connected to MongoDB...","level":"info"}
{"message":"Listenning at port 5050","level":"info"}
{"message":"Connected to MongoDB...","level":"info"}
{"message":"Listenning at port 5050","level":"info"}
{"message":"Connected to MongoDB...","level":"info"}
{"message":"Listenning at port 5050","level":"info"}
{"message":"Connected to MongoDB...","level":"info"}
{"message":"Listenning at port 5050","level":"info"}
{"message":"Connected to MongoDB...","level":"info"}
{"message":"Listenning at port 5050","level":"info"}
{"message":"Connected to MongoDB...","level":"info"}
{"message":"Listenning at port 5050","level":"info"}
{"message":"Connected to MongoDB...","level":"info"}
{"message":"Listenning at port 5050","level":"info"}
{"message":"Connected to MongoDB...","level":"info"}
{"message":"Listenning at port 5050","level":"info"}
{"message":"Connected to MongoDB...","level":"info"}
{"message":"Listenning at port 5050","level":"info"}
{"message":"Connected to MongoDB...","level":"info"}
{"message":"Listenning at port 5050","level":"info"}
{"message":"Connected to MongoDB...","level":"info"}
{"message":"Listenning at port 5050","level":"info"}
{"message":"Connected to MongoDB...","level":"info"}
{"message":"Listenning at port 5050","level":"info"}
{"message":"Connected to MongoDB...","level":"info"}
{"message":"Listenning at port 5050","level":"info"}
{"message":"Connected to MongoDB...","level":"info"}
{"message":"Listenning at port 5050","level":"info"}
{"message":"Connected to MongoDB...","level":"info"}
{"message":"Listenning at port 5050","level":"info"}
{"message":"Connected to MongoDB...","level":"info"}
{"message":"Product validation failed: category: Path `category` is required.","level":"error"}
{"message":"Product validation failed: category: Path `category` is required.","level":"error"}
{"message":"Listenning at port 5050","level":"info"}
{"message":"Connected to MongoDB...","level":"info"}
{"message":"Listenning at port 5050","level":"info"}
{"message":"Connected to MongoDB...","level":"info"}
{"message":"Connected to MongoDB...","level":"info"}
{"message":"Listenning at port 5050","level":"info"}
{"message":"Connected to MongoDB...","level":"info"}
{"message":"Listenning at port 5050","level":"info"}
{"message":"Connected to MongoDB...","level":"info"}
{"message":"Listenning at port 5050","level":"info"}
{"message":"Connected to MongoDB...","level":"info"}
{"message":"Cast to ObjectId failed for value \"5ea02d8f42943e6743b5ca392\" at path \"_id\" for model \"Product\"","level":"error"}
{"message":"Listenning at port 5050","level":"info"}
{"message":"Connected to MongoDB...","level":"info"}
{"message":"Cast to ObjectId failed for value \"5ea02d8f42943e6743b5ca392\" at path \"_id\" for model \"Product\"","level":"error"}
{"message":"Cast to ObjectId failed for value \"5ea02d8f42943e6743b5ca392\" at path \"_id\" for model \"Product\"","level":"error"}
{"message":"Cast to ObjectId failed for value \"5ea02d8f42943e6743b5ca392\" at path \"_id\" for model \"Product\"","level":"error"}
{"message":"Cast to ObjectId failed for value \"5ea02d8f42943e6743b5ca392\" at path \"_id\" for model \"Product\"","level":"error"}
{"message":"Listenning at port 5050","level":"info"}
{"message":"Connected to MongoDB...","level":"info"}
{"message":"Cast to ObjectId failed for value \"5ea02d8f42943e6743b5ca392\" at path \"_id\" for model \"Product\"","level":"error"}
{"message":"Cast to ObjectId failed for value \"5ea02d8f42943e6743b5ca392\" at path \"_id\" for model \"Product\"","level":"error"}
{"message":"Connected to MongoDB...","level":"info"}
{"message":"Listenning at port 5050","level":"info"}
{"message":"Connected to MongoDB...","level":"info"}
{"message":"Listenning at port 5050","level":"info"}
{"message":"Connected to MongoDB...","level":"info"}
{"message":"Listenning at port 5050","level":"info"}
{"message":"Connected to MongoDB...","level":"info"}
{"message":"Listenning at port 5050","level":"info"}
{"message":"Connected to MongoDB...","level":"info"}
{"message":"Listenning at port 5050","level":"info"}
{"message":"Connected to MongoDB...","level":"info"}
{"message":"Listenning at port 5050","level":"info"}
{"message":"Connected to MongoDB...","level":"info"}
{"message":"Listenning at port 5050","level":"info"}
{"message":"Connected to MongoDB...","level":"info"}
{"message":"Listenning at port 5050","level":"info"}
{"message":"Connected to MongoDB...","level":"info"}
{"message":"Listenning at port 5050","level":"info"}
{"message":"Connected to MongoDB...","level":"info"}
{"message":"Listenning at port 5050","level":"info"}
{"message":"Connected to MongoDB...","level":"info"}
{"message":"Listenning at port 5050","level":"info"}
{"message":"Connected to MongoDB...","level":"info"}
{"message":"Listenning at port 5050","level":"info"}
{"message":"Connected to MongoDB...","level":"info"}
{"message":"Listenning at port 5050","level":"info"}
{"message":"Connected to MongoDB...","level":"info"}
{"message":"Listenning at port 5050","level":"info"}
{"message":"Connected to MongoDB...","level":"info"}
{"message":"Listenning at port 5050","level":"info"}
{"message":"Connected to MongoDB...","level":"info"}
{"message":"Listenning at port 5050","level":"info"}
{"message":"Connected to MongoDB...","level":"info"}
{"message":"Listenning at port 5050","level":"info"}
{"message":"Connected to MongoDB...","level":"info"}
{"message":"Listenning at port 5050","level":"info"}
{"message":"Connected to MongoDB...","level":"info"}
{"message":"Listenning at port 5050","level":"info"}
{"message":"Connected to MongoDB...","level":"info"}
{"message":"Listenning at port 5050","level":"info"}
{"message":"Connected to MongoDB...","level":"info"}
{"message":"Listenning at port 5050","level":"info"}
{"message":"Connected to MongoDB...","level":"info"}
{"message":"Listenning at port 5050","level":"info"}
{"message":"Connected to MongoDB...","level":"info"}
{"message":"Listenning at port 5050","level":"info"}
{"message":"Connected to MongoDB...","level":"info"}
{"message":"Listenning at port 5050","level":"info"}
{"message":"Connected to MongoDB...","level":"info"}
{"message":"Listenning at port 5050","level":"info"}
{"message":"Connected to MongoDB...","level":"info"}
{"message":"Listenning at port 5050","level":"info"}
{"message":"Connected to MongoDB...","level":"info"}
{"message":"Connected to MongoDB...","level":"info"}
{"message":"Connected to MongoDB...","level":"info"}
{"message":"Listenning at port 5050","level":"info"}
{"message":"Connected to MongoDB...","level":"info"}
{"message":"Listenning at port 5050","level":"info"}
{"message":"Connected to MongoDB...","level":"info"}
{"message":"Listenning at port 5050","level":"info"}
{"message":"Connected to MongoDB...","level":"info"}
{"message":"Joi is not defined","level":"error"}
{"message":"Joi is not defined","level":"error"}
{"message":"Listenning at port 5050","level":"info"}
{"message":"Connected to MongoDB...","level":"info"}
{"message":"Joi is not defined","level":"error"}
{"message":"Joi is not defined","level":"error"}
{"message":"Joi is not defined","level":"error"}
{"message":"Listenning at port 5050","level":"info"}
{"message":"Connected to MongoDB...","level":"info"}
{"message":"Joi is not defined","level":"error"}
{"message":"Listenning at port 5050","level":"info"}
{"message":"Connected to MongoDB...","level":"info"}
{"message":"user is not defined","level":"error"}
{"message":"Listenning at port 5050","level":"info"}
{"message":"Connected to MongoDB...","level":"info"}
{"message":"user is not defined","level":"error"}
{"message":"Listenning at port 5050","level":"info"}
{"message":"Connected to MongoDB...","level":"info"}
{"message":"Listenning at port 5050","level":"info"}
{"message":"Connected to MongoDB...","level":"info"}
{"message":"Listenning at port 5050","level":"info"}
{"message":"Connected to MongoDB...","level":"info"}
{"message":"Connected to MongoDB...","level":"info"}
{"message":"Listenning at port 5050","level":"info"}
{"message":"Connected to MongoDB...","level":"info"}
{"message":"Listenning at port 5050","level":"info"}
{"message":"Connected to MongoDB...","level":"info"}
{"message":"Listenning at port 5050","level":"info"}
{"message":"Connected to MongoDB...","level":"info"}
{"message":"Listenning at port 5050","level":"info"}
{"message":"Connected to MongoDB...","level":"info"}
{"message":"Listenning at port 5050","level":"info"}
{"message":"Connected to MongoDB...","level":"info"}
{"message":"Listenning at port 5050","level":"info"}
{"message":"Connected to MongoDB...","level":"info"}
{"message":"Listenning at port 5050","level":"info"}
{"message":"Connected to MongoDB...","level":"info"}
{"message":"Connected to MongoDB...","level":"info"}
{"message":"Listenning at port 5050","level":"info"}
{"message":"Connected to MongoDB...","level":"info"}
{"message":"Listenning at port 5050","level":"info"}
{"message":"Connected to MongoDB...","level":"info"}
{"message":"Listenning at port 5050","level":"info"}
{"message":"Connected to MongoDB...","level":"info"}
{"message":"Listenning at port 5050","level":"info"}
{"message":"Connected to MongoDB...","level":"info"}
{"message":"productId is not defined","level":"error"}
{"message":"productId is not defined","level":"error"}
{"message":"productId is not defined","level":"error"}
{"message":"productId is not defined","level":"error"}
{"message":"Listenning at port 5050","level":"info"}
{"message":"Connected to MongoDB...","level":"info"}
{"message":"Listenning at port 5050","level":"info"}
{"message":"Connected to MongoDB...","level":"info"}
{"message":"Listenning at port 5050","level":"info"}
{"message":"Connected to MongoDB...","level":"info"}
{"message":"Listenning at port 5050","level":"info"}
{"message":"Connected to MongoDB...","level":"info"}
{"message":"Listenning at port 5050","level":"info"}
{"message":"Connected to MongoDB...","level":"info"}
{"message":"Listenning at port 5050","level":"info"}
{"message":"Connected to MongoDB...","level":"info"}
{"message":"Listenning at port 5050","level":"info"}
{"message":"Connected to MongoDB...","level":"info"}
{"message":"Listenning at port 5050","level":"info"}
{"message":"Connected to MongoDB...","level":"info"}
{"message":"Product.find(...).select(...).filter is not a function","level":"error"}
{"message":"Listenning at port 5050","level":"info"}
{"message":"Connected to MongoDB...","level":"info"}
{"message":"Listenning at port 5050","level":"info"}
{"message":"Connected to MongoDB...","level":"info"}
{"message":"products.filter(...).select is not a function","level":"error"}
{"message":"Listenning at port 5050","level":"info"}
{"message":"Connected to MongoDB...","level":"info"}
{"message":"Listenning at port 5050","level":"info"}
{"message":"Connected to MongoDB...","level":"info"}
{"message":"Listenning at port 5050","level":"info"}
{"message":"Connected to MongoDB...","level":"info"}
{"message":"Listenning at port 5050","level":"info"}
{"message":"Connected to MongoDB...","level":"info"}
{"message":"Connected to MongoDB...","level":"info"}
{"message":"Listenning at port 5050","level":"info"}
{"message":"Connected to MongoDB...","level":"info"}
{"message":"Listenning at port 5050","level":"info"}
{"message":"Connected to MongoDB...","level":"info"}
{"message":"Listenning at port 5050","level":"info"}
{"message":"Connected to MongoDB...","level":"info"}
{"message":"Listenning at port 5050","level":"info"}
{"message":"Connected to MongoDB...","level":"info"}
{"message":"Assignment to constant variable.","level":"error"}
{"message":"Assignment to constant variable.","level":"error"}
{"message":"Listenning at port 5050","level":"info"}
{"message":"Connected to MongoDB...","level":"info"}
{"message":"Listenning at port 5050","level":"info"}
{"message":"Connected to MongoDB...","level":"info"}
{"message":"Listenning at port 5050","level":"info"}
{"message":"Connected to MongoDB...","level":"info"}
{"message":"Listenning at port 5050","level":"info"}
{"message":"Connected to MongoDB...","level":"info"}
{"message":"Listenning at port 5050","level":"info"}
{"message":"Connected to MongoDB...","level":"info"}
{"message":"Listenning at port 5050","level":"info"}
{"message":"Connected to MongoDB...","level":"info"}
{"message":"Listenning at port 5050","level":"info"}
{"message":"Connected to MongoDB...","level":"info"}
{"message":"query.once is not a function","level":"error"}
{"message":"Listenning at port 5050","level":"info"}
{"message":"Connected to MongoDB...","level":"info"}
{"message":"Listenning at port 5050","level":"info"}
{"message":"Connected to MongoDB...","level":"info"}
{"message":"Listenning at port 5050","level":"info"}
{"message":"Connected to MongoDB...","level":"info"}
{"message":"Listenning at port 5050","level":"info"}
{"message":"Connected to MongoDB...","level":"info"}
{"message":"Listenning at port 5050","level":"info"}
{"message":"Connected to MongoDB...","level":"info"}
{"message":"Listenning at port 5050","level":"info"}
{"message":"Connected to MongoDB...","level":"info"}
{"message":"Listenning at port 5050","level":"info"}
{"message":"Connected to MongoDB...","level":"info"}
{"message":"Listenning at port 5050","level":"info"}
{"message":"Connected to MongoDB...","level":"info"}
{"message":"Connected to MongoDB...","level":"info"}
{"message":"Connected to MongoDB...","level":"info"}
{"message":"Listenning at port 5050","level":"info"}
{"message":"Connected to MongoDB...","level":"info"}
{"message":"Listenning at port 5050","level":"info"}
{"message":"Connected to MongoDB...","level":"info"}
{"message":"Listenning at port 5050","level":"info"}
{"message":"Connected to MongoDB...","level":"info"}
{"message":"Listenning at port 5050","level":"info"}
{"message":"Connected to MongoDB...","level":"info"}
{"message":"Cast to ObjectId failed for value \"ddd\" at path \"_id\" for model \"Product\"","level":"error"}
{"message":"Listenning at port 5050","level":"info"}
{"message":"Connected to MongoDB...","level":"info"}
{"message":"Cannot read property 'status' of null","level":"error"}
{"message":"Listenning at port 5050","level":"info"}
{"message":"Connected to MongoDB...","level":"info"}
{"message":"Connected to MongoDB...","level":"info"}
{"message":"Listenning at port 5050","level":"info"}
{"message":"Connected to MongoDB...","level":"info"}
{"message":"Listenning at port 5050","level":"info"}
{"message":"Connected to MongoDB...","level":"info"}
{"message":"Listenning at port 5050","level":"info"}
{"message":"Connected to MongoDB...","level":"info"}
{"message":"Listenning at port 5050","level":"info"}
{"message":"Connected to MongoDB...","level":"info"}
{"message":"Listenning at port 5050","level":"info"}
{"message":"Connected to MongoDB...","level":"info"}
{"message":"Listenning at port 5050","level":"info"}
{"message":"Connected to MongoDB...","level":"info"}
{"message":"Listenning at port 5050","level":"info"}
{"message":"Connected to MongoDB...","level":"info"}
{"message":"Listenning at port 5050","level":"info"}
{"message":"Connected to MongoDB...","level":"info"}
{"message":"Listenning at port 5050","level":"info"}
{"message":"Connected to MongoDB...","level":"info"}
{"message":"Listenning at port 5050","level":"info"}
{"message":"Connected to MongoDB...","level":"info"}
{"message":"Listenning at port 5050","level":"info"}
{"message":"Connected to MongoDB...","level":"info"}
{"message":"Listenning at port 5050","level":"info"}
{"message":"Connected to MongoDB...","level":"info"}
{"message":"Joi.String is not a function","level":"error"}
{"message":"Listenning at port 5050","level":"info"}
{"message":"Connected to MongoDB...","level":"info"}
{"message":"Connected to MongoDB...","level":"info"}
{"message":"Listenning at port 5050","level":"info"}
{"message":"Connected to MongoDB...","level":"info"}
{"message":"Connected to MongoDB...","level":"info"}
